<?xml version="1.0" encoding="UTF-8"?>
<testsuite xmlns:xsi="http://www.w3.org/2001/XMLSchema-instance" xsi:noNamespaceSchemaLocation="https://maven.apache.org/surefire/maven-surefire-plugin/xsd/surefire-test-report.xsd" name="cl.praxis.CalculadoraTest" time="0.033" tests="6" errors="0" skipped="0" failures="0">
  <properties>
[...]
</properties>
  <testcase name="testConstructorVoid" classname="cl.praxis.CalculadoraTest" time="0.025"/>
  <testcase name="testSumar" classname="cl.praxis.CalculadoraTest" time="0"/>
  <testcase name="testConstructorArgumentos" classname="cl.praxis.CalculadoraTest" time="0.001"/>
  <testcase name="testMultiplicar" classname="cl.praxis.CalculadoraTest" time="0.001"/>
  <testcase name="testDividir" classname="cl.praxis.CalculadoraTest" time="0.001"/>
  <testcase name="testRestar" classname="cl.praxis.CalculadoraTest" time="0.001"/>
</testsuite>